<?xml version="1.0" encoding="UTF-8"?>
<testsuite xmlns:xsi="http://www.w3.org/2001/XMLSchema-instance" xsi:schemaLocation="https://maven.apache.org/surefire/maven-surefire-plugin/xsd/surefire-test-report.xsd" name="TestSuite" time="225.159" tests="15" errors="0" skipped="1" failures="1">
  <properties>
[...]
</properties>
  <testcase name="LandingPageTest" classname="DashBoard" time="9.783"/>
  <testcase name="VerifyAllLinks" classname="DashBoard" time="14.598"/>
  <testcase name="MenuTest" classname="DashBoard" time="6.647"/>
  <testcase name="EnrolleeTest" classname="DashBoard" time="1.756"/>
  <testcase name="AddFamilyMembersTest" classname="DashBoard" time="0.006"/>
  <testcase name="LandingPageTest" classname="BenefitTest" time="9.679"/>
  <testcase name="VerifyAllLinks" classname="BenefitTest" time="23.19"/>
  <testcase name="SearchBenefitPositiveTest" classname="BenefitTest" time="5.067"/>
  <testcase name="SearchBenefitNegativeTest" classname="BenefitTest" time="0">
    <skipped message="expected [true] but found [false]"/>
    <system-out><![CDATA[********Passed************* SearchBenefitPositiveTest  Fri Sep 24 10:23:44 WAT 2021 ****************
SearchBenefitNegativeTest started!
Trying to find Element By : By.xpath: //td[@class='dashboard-table-item dashboard-table-item__body'][contains(.,'A Gps-Enabled Access To Hospital Directories When Hospital Information Is Needed')]
Exception occured: org.openqa.selenium.NoSuchElementException: no such element: Unable to locate element: {"method":"xpath","selector":"//td[@class='dashboard-table-item dashboard-table-item__body'][contains(.,'A Gps-Enabled Access To Hospital Directories When Hospital Information Is Needed')]"}
  (Session info: chrome=93.0.4577.63)
For documentation on this error, please visit: https://www.seleniumhq.org/exceptions/no_such_element.html
Build info: version: '3.141.59', revision: 'e82be7d358', time: '2018-11-14T08:17:03'
System info: host: 'RELIANCEHMOs-MacBook-Pro.local', ip: 'fe80:0:0:0:14c8:7470:8341:b390%en0', os.name: 'Mac OS X', os.arch: 'x86_64', os.version: '11.4', java.version: '16.0.2'
Driver info: org.openqa.selenium.remote.RemoteWebDriver
Capabilities {acceptInsecureCerts: false, browserName: chrome, browserVersion: 93.0.4577.63, chrome: {chromedriverVersion: 93.0.4577.15 (660fc11082ba5..., userDataDir: C:\Users\ltuser\AppData\Loc...}, goog:chromeOptions: {debuggerAddress: localhost:60376}, javascriptEnabled: true, networkConnectionEnabled: false, pageLoadStrategy: normal, platform: WINDOWS, platformName: WINDOWS, proxy: Proxy(), setWindowRect: true, strictFileInteractability: false, timeouts: {implicit: 0, pageLoad: 300000, script: 30000}, unhandledPromptBehavior: dismiss and notify, webauthn:extension:credBlob: true, webauthn:extension:largeBlob: true, webauthn:virtualAuthenticators: true, webdriver.remote.sessionid: a72aa21e2605207351b3dba5a26...}
Session ID: a72aa21e2605207351b3dba5a26a8644
*** Element info: {Using=xpath, value=//td[@class='dashboard-table-item dashboard-table-item__body'][contains(.,'A Gps-Enabled Access To Hospital Directories When Hospital Information Is Needed')]}
Exception occured: org.openqa.selenium.NoSuchElementException: no such element: Unable to locate element: {"method":"xpath","selector":"//td[@class='dashboard-table-item dashboard-table-item__body'][contains(.,'A Gps-Enabled Access To Hospital Directories When Hospital Information Is Needed')]"}
  (Session info: chrome=93.0.4577.63)
For documentation on this error, please visit: https://www.seleniumhq.org/exceptions/no_such_element.html
Build info: version: '3.141.59', revision: 'e82be7d358', time: '2018-11-14T08:17:03'
System info: host: 'RELIANCEHMOs-MacBook-Pro.local', ip: 'fe80:0:0:0:14c8:7470:8341:b390%en0', os.name: 'Mac OS X', os.arch: 'x86_64', os.version: '11.4', java.version: '16.0.2'
Driver info: org.openqa.selenium.remote.RemoteWebDriver
Capabilities {acceptInsecureCerts: false, browserName: chrome, browserVersion: 93.0.4577.63, chrome: {chromedriverVersion: 93.0.4577.15 (660fc11082ba5..., userDataDir: C:\Users\ltuser\AppData\Loc...}, goog:chromeOptions: {debuggerAddress: localhost:60376}, javascriptEnabled: true, networkConnectionEnabled: false, pageLoadStrategy: normal, platform: WINDOWS, platformName: WINDOWS, proxy: Proxy(), setWindowRect: true, strictFileInteractability: false, timeouts: {implicit: 0, pageLoad: 300000, script: 30000}, unhandledPromptBehavior: dismiss and notify, webauthn:extension:credBlob: true, webauthn:extension:largeBlob: true, webauthn:virtualAuthenticators: true, webdriver.remote.sessionid: a72aa21e2605207351b3dba5a26...}
Session ID: a72aa21e2605207351b3dba5a26a8644
*** Element info: {Using=xpath, value=//td[@class='dashboard-table-item dashboard-table-item__body'][contains(.,'A Gps-Enabled Access To Hospital Directories When Hospital Information Is Needed')]}
WebElement Not Found: FAIL
]]></system-out>
  </testcase>
  <testcase name="SearchBenefitNegativeTest" classname="BenefitTest" time="31.44">
    <failure message="expected [true] but found [false]" type="java.lang.AssertionError">java.lang.AssertionError: expected [true] but found [false]
	at BenefitTest.SearchBenefitNegativeTest(BenefitTest.java:37)
</failure>
    <system-out><![CDATA[**********Skipped********** SearchBenefitNegativeTest  Fri Sep 24 10:24:06 WAT 2021 ********************
SearchBenefitNegativeTest started!
Trying to find Element By : By.xpath: //td[@class='dashboard-table-item dashboard-table-item__body'][contains(.,'A Gps-Enabled Access To Hospital Directories When Hospital Information Is Needed')]
Exception occured: org.openqa.selenium.NoSuchElementException: no such element: Unable to locate element: {"method":"xpath","selector":"//td[@class='dashboard-table-item dashboard-table-item__body'][contains(.,'A Gps-Enabled Access To Hospital Directories When Hospital Information Is Needed')]"}
  (Session info: chrome=93.0.4577.63)
For documentation on this error, please visit: https://www.seleniumhq.org/exceptions/no_such_element.html
Build info: version: '3.141.59', revision: 'e82be7d358', time: '2018-11-14T08:17:03'
System info: host: 'RELIANCEHMOs-MacBook-Pro.local', ip: 'fe80:0:0:0:14c8:7470:8341:b390%en0', os.name: 'Mac OS X', os.arch: 'x86_64', os.version: '11.4', java.version: '16.0.2'
Driver info: org.openqa.selenium.remote.RemoteWebDriver
Capabilities {acceptInsecureCerts: false, browserName: chrome, browserVersion: 93.0.4577.63, chrome: {chromedriverVersion: 93.0.4577.15 (660fc11082ba5..., userDataDir: C:\Users\ltuser\AppData\Loc...}, goog:chromeOptions: {debuggerAddress: localhost:60376}, javascriptEnabled: true, networkConnectionEnabled: false, pageLoadStrategy: normal, platform: WINDOWS, platformName: WINDOWS, proxy: Proxy(), setWindowRect: true, strictFileInteractability: false, timeouts: {implicit: 0, pageLoad: 300000, script: 30000}, unhandledPromptBehavior: dismiss and notify, webauthn:extension:credBlob: true, webauthn:extension:largeBlob: true, webauthn:virtualAuthenticators: true, webdriver.remote.sessionid: a72aa21e2605207351b3dba5a26...}
Session ID: a72aa21e2605207351b3dba5a26a8644
*** Element info: {Using=xpath, value=//td[@class='dashboard-table-item dashboard-table-item__body'][contains(.,'A Gps-Enabled Access To Hospital Directories When Hospital Information Is Needed')]}
Exception occured: org.openqa.selenium.NoSuchElementException: no such element: Unable to locate element: {"method":"xpath","selector":"//td[@class='dashboard-table-item dashboard-table-item__body'][contains(.,'A Gps-Enabled Access To Hospital Directories When Hospital Information Is Needed')]"}
  (Session info: chrome=93.0.4577.63)
For documentation on this error, please visit: https://www.seleniumhq.org/exceptions/no_such_element.html
Build info: version: '3.141.59', revision: 'e82be7d358', time: '2018-11-14T08:17:03'
System info: host: 'RELIANCEHMOs-MacBook-Pro.local', ip: 'fe80:0:0:0:14c8:7470:8341:b390%en0', os.name: 'Mac OS X', os.arch: 'x86_64', os.version: '11.4', java.version: '16.0.2'
Driver info: org.openqa.selenium.remote.RemoteWebDriver
Capabilities {acceptInsecureCerts: false, browserName: chrome, browserVersion: 93.0.4577.63, chrome: {chromedriverVersion: 93.0.4577.15 (660fc11082ba5..., userDataDir: C:\Users\ltuser\AppData\Loc...}, goog:chromeOptions: {debuggerAddress: localhost:60376}, javascriptEnabled: true, networkConnectionEnabled: false, pageLoadStrategy: normal, platform: WINDOWS, platformName: WINDOWS, proxy: Proxy(), setWindowRect: true, strictFileInteractability: false, timeouts: {implicit: 0, pageLoad: 300000, script: 30000}, unhandledPromptBehavior: dismiss and notify, webauthn:extension:credBlob: true, webauthn:extension:largeBlob: true, webauthn:virtualAuthenticators: true, webdriver.remote.sessionid: a72aa21e2605207351b3dba5a26...}
Session ID: a72aa21e2605207351b3dba5a26a8644
*** Element info: {Using=xpath, value=//td[@class='dashboard-table-item dashboard-table-item__body'][contains(.,'A Gps-Enabled Access To Hospital Directories When Hospital Information Is Needed')]}
WebElement Not Found: FAIL
]]></system-out>
  </testcase>
  <testcase name="AccessSecondaryCareTest" classname="BenefitTest" time="2.011"/>
  <testcase name="LandingPageTest" classname="MyHospitalTest" time="12.173"/>
  <testcase name="VerifyAllLinks" classname="MyHospitalTest" time="19.4"/>
  <testcase name="SearchHospitalPositiveTest" classname="MyHospitalTest" time="5.971"/>
  <testcase name="SearchHospitalNegativeTest" classname="MyHospitalTest" time="4.252"/>
</testsuite>