-------------------------------------------------------------------------------
Test set: TestSuite
-------------------------------------------------------------------------------
Tests run: 15, Failures: 1, Errors: 0, Skipped: 1, Time elapsed: 225.159 sec <<< FAILURE! - in TestSuite
SearchBenefitNegativeTest(BenefitTest)  Time elapsed: 31.44 sec  <<< FAILURE!
java.lang.AssertionError: expected [true] but found [false]
	at BenefitTest.SearchBenefitNegativeTest(BenefitTest.java:37)

